<?xml version="1.0" encoding="UTF-8"?>
<!-- Generated by org.testng.reporters.JUnitXMLReporter -->
<<<<<<< HEAD
<testsuite hostname="Jarell-PC" ignored="0" name="Default test" tests="10" failures="1" timestamp="2020-02-19T19:24:27 CST" time="31.227" errors="0">
  <testcase name="openAll" time="1.097" classname="com.mindtree.selenium.webDriver.testNG.MenuTest"/>
  <testcase name="openBeds" time="1.082" classname="com.mindtree.selenium.webDriver.testNG.MenuTest"/>
  <testcase name="openChairs" time="1.072" classname="com.mindtree.selenium.webDriver.testNG.MenuTest"/>
  <testcase name="openSofas" time="1.068" classname="com.mindtree.selenium.webDriver.testNG.MenuTest"/>
  <testcase name="openTables" time="1.068" classname="com.mindtree.selenium.webDriver.testNG.MenuTest"/>
  <testcase name="search" time="1.253" classname="com.mindtree.selenium.webDriver.testNG.MenuTest"/>
  <testcase name="signin" time="1.081" classname="com.mindtree.selenium.webDriver.testNG.MenuTest"/>
  <testcase name="support" time="1.087" classname="com.mindtree.selenium.webDriver.testNG.MenuTest">
=======
<testsuite hostname="Jarell-PC" ignored="0" name="Default test" tests="10" failures="1" timestamp="2020-02-19T19:33:43 CST" time="33.32" errors="0">
  <testcase name="openAll" time="1.087" classname="com.mindtree.selenium.webDriver.testNG.MenuTest"/>
  <testcase name="openBeds" time="1.096" classname="com.mindtree.selenium.webDriver.testNG.MenuTest"/>
  <testcase name="openChairs" time="1.072" classname="com.mindtree.selenium.webDriver.testNG.MenuTest"/>
  <testcase name="openSofas" time="1.07" classname="com.mindtree.selenium.webDriver.testNG.MenuTest"/>
  <testcase name="openTables" time="1.074" classname="com.mindtree.selenium.webDriver.testNG.MenuTest"/>
  <testcase name="search" time="1.251" classname="com.mindtree.selenium.webDriver.testNG.MenuTest"/>
  <testcase name="signin" time="1.083" classname="com.mindtree.selenium.webDriver.testNG.MenuTest"/>
  <testcase name="support" time="1.068" classname="com.mindtree.selenium.webDriver.testNG.MenuTest">
>>>>>>> Dev
    <failure type="java.lang.AssertionError" message="expected [http://okmry52647dns.eastus.cloudapp.azure.com:9090/support] but found [http://okmry52647dns.eastus.cloudapp.azure.com:9090/home]">
      <![CDATA[java.lang.AssertionError: expected [http://okmry52647dns.eastus.cloudapp.azure.com:9090/support] but found [http://okmry52647dns.eastus.cloudapp.azure.com:9090/home]
at org.testng.Assert.fail(Assert.java:97)
at org.testng.Assert.assertEqualsImpl(Assert.java:136)
at org.testng.Assert.assertEquals(Assert.java:118)
at org.testng.Assert.assertEquals(Assert.java:575)
at org.testng.Assert.assertEquals(Assert.java:585)
at com.mindtree.selenium.webDriver.testNG.MenuTest.support(MenuTest.java:137)
at sun.reflect.NativeMethodAccessorImpl.invoke0(Native Method)
at sun.reflect.NativeMethodAccessorImpl.invoke(NativeMethodAccessorImpl.java:62)
at sun.reflect.DelegatingMethodAccessorImpl.invoke(DelegatingMethodAccessorImpl.java:43)
at java.lang.reflect.Method.invoke(Method.java:498)
at org.testng.internal.MethodInvocationHelper.invokeMethod(MethodInvocationHelper.java:133)
at org.testng.internal.TestInvoker.invokeMethod(TestInvoker.java:584)
at org.testng.internal.TestInvoker.invokeTestMethod(TestInvoker.java:172)
at org.testng.internal.MethodRunner.runInSequence(MethodRunner.java:46)
at org.testng.internal.TestInvoker$MethodInvocationAgent.invoke(TestInvoker.java:804)
at org.testng.internal.TestInvoker.invokeTestMethods(TestInvoker.java:145)
at org.testng.internal.TestMethodWorker.invokeTestMethods(TestMethodWorker.java:146)
at org.testng.internal.TestMethodWorker.run(TestMethodWorker.java:128)
at java.util.ArrayList.forEach(ArrayList.java:1257)
at org.testng.TestRunner.privateRun(TestRunner.java:770)
at org.testng.TestRunner.run(TestRunner.java:591)
at org.testng.SuiteRunner.runTest(SuiteRunner.java:402)
at org.testng.SuiteRunner.runSequentially(SuiteRunner.java:396)
at org.testng.SuiteRunner.privateRun(SuiteRunner.java:355)
at org.testng.SuiteRunner.run(SuiteRunner.java:304)
at org.testng.SuiteRunnerWorker.runSuite(SuiteRunnerWorker.java:53)
at org.testng.SuiteRunnerWorker.run(SuiteRunnerWorker.java:96)
at org.testng.TestNG.runSuitesSequentially(TestNG.java:1180)
at org.testng.TestNG.runSuitesLocally(TestNG.java:1102)
at org.testng.TestNG.runSuites(TestNG.java:1032)
at org.testng.TestNG.run(TestNG.java:1000)
at org.testng.remote.AbstractRemoteTestNG.run(AbstractRemoteTestNG.java:115)
at org.testng.remote.RemoteTestNG.initAndRun(RemoteTestNG.java:251)
at org.testng.remote.RemoteTestNG.main(RemoteTestNG.java:77)
]]>
    </failure>
  </testcase> <!-- support -->
<<<<<<< HEAD
  <testcase name="wishlist" time="1.096" classname="com.mindtree.selenium.webDriver.testNG.MenuTest"/>
  <testcase name="cart" time="1.089" classname="com.mindtree.selenium.webDriver.testNG.MenuTest"/>
=======
  <testcase name="wishlist" time="1.083" classname="com.mindtree.selenium.webDriver.testNG.MenuTest"/>
  <testcase name="cart" time="1.086" classname="com.mindtree.selenium.webDriver.testNG.MenuTest"/>
>>>>>>> Dev
</testsuite> <!-- Default test -->
