<?xml version="1.0" encoding="UTF-8"?>
<testng-results skipped="0" failed="1" ignored="0" total="9" passed="8">
  <reporter-output>
  </reporter-output>
  <suite name="Default suite" duration-ms="28004" started-at="2020-02-18T21:51:33 CST" finished-at="2020-02-18T21:52:01 CST">
    <groups>
    </groups>
    <test name="Default test" duration-ms="28004" started-at="2020-02-18T21:51:33 CST" finished-at="2020-02-18T21:52:01 CST">
      <class name="com.mindtree.selenium.webDriver.testNG.MenuTest">
        <test-method status="PASS" signature="openBrowser()[pri:0, instance:com.mindtree.selenium.webDriver.testNG.MenuTest@12cdcf4]" name="openBrowser" is-config="true" duration-ms="14128" started-at="2020-02-18T21:51:33 CST" finished-at="2020-02-18T21:51:47 CST">
          <reporter-output>
          </reporter-output>
        </test-method> <!-- openBrowser -->
        <test-method status="PASS" signature="openAll()[pri:0, instance:com.mindtree.selenium.webDriver.testNG.MenuTest@12cdcf4]" name="openAll" duration-ms="1096" started-at="2020-02-18T21:51:47 CST" finished-at="2020-02-18T21:51:48 CST">
          <reporter-output>
          </reporter-output>
        </test-method> <!-- openAll -->
        <test-method status="PASS" signature="home()[pri:0, instance:com.mindtree.selenium.webDriver.testNG.MenuTest@12cdcf4]" name="home" is-config="true" duration-ms="199" started-at="2020-02-18T21:51:48 CST" finished-at="2020-02-18T21:51:48 CST">
          <reporter-output>
          </reporter-output>
        </test-method> <!-- home -->
        <test-method status="PASS" signature="openBeds()[pri:0, instance:com.mindtree.selenium.webDriver.testNG.MenuTest@12cdcf4]" name="openBeds" duration-ms="1106" started-at="2020-02-18T21:51:48 CST" finished-at="2020-02-18T21:51:49 CST">
          <reporter-output>
          </reporter-output>
        </test-method> <!-- openBeds -->
        <test-method status="PASS" signature="home()[pri:0, instance:com.mindtree.selenium.webDriver.testNG.MenuTest@12cdcf4]" name="home" is-config="true" duration-ms="82" started-at="2020-02-18T21:51:49 CST" finished-at="2020-02-18T21:51:49 CST">
          <reporter-output>
          </reporter-output>
        </test-method> <!-- home -->
        <test-method status="PASS" signature="openChairs()[pri:0, instance:com.mindtree.selenium.webDriver.testNG.MenuTest@12cdcf4]" name="openChairs" duration-ms="1074" started-at="2020-02-18T21:51:49 CST" finished-at="2020-02-18T21:51:50 CST">
          <reporter-output>
          </reporter-output>
        </test-method> <!-- openChairs -->
        <test-method status="PASS" signature="home()[pri:0, instance:com.mindtree.selenium.webDriver.testNG.MenuTest@12cdcf4]" name="home" is-config="true" duration-ms="99" started-at="2020-02-18T21:51:50 CST" finished-at="2020-02-18T21:51:50 CST">
          <reporter-output>
          </reporter-output>
        </test-method> <!-- home -->
        <test-method status="PASS" signature="openSofas()[pri:0, instance:com.mindtree.selenium.webDriver.testNG.MenuTest@12cdcf4]" name="openSofas" duration-ms="1083" started-at="2020-02-18T21:51:50 CST" finished-at="2020-02-18T21:51:52 CST">
          <reporter-output>
          </reporter-output>
        </test-method> <!-- openSofas -->
        <test-method status="PASS" signature="home()[pri:0, instance:com.mindtree.selenium.webDriver.testNG.MenuTest@12cdcf4]" name="home" is-config="true" duration-ms="76" started-at="2020-02-18T21:51:52 CST" finished-at="2020-02-18T21:51:52 CST">
          <reporter-output>
          </reporter-output>
        </test-method> <!-- home -->
        <test-method status="PASS" signature="openTables()[pri:0, instance:com.mindtree.selenium.webDriver.testNG.MenuTest@12cdcf4]" name="openTables" duration-ms="1079" started-at="2020-02-18T21:51:52 CST" finished-at="2020-02-18T21:51:53 CST">
          <reporter-output>
          </reporter-output>
        </test-method> <!-- openTables -->
        <test-method status="PASS" signature="home()[pri:0, instance:com.mindtree.selenium.webDriver.testNG.MenuTest@12cdcf4]" name="home" is-config="true" duration-ms="80" started-at="2020-02-18T21:51:53 CST" finished-at="2020-02-18T21:51:53 CST">
          <reporter-output>
          </reporter-output>
        </test-method> <!-- home -->
        <test-method status="PASS" signature="search()[pri:0, instance:com.mindtree.selenium.webDriver.testNG.MenuTest@12cdcf4]" name="search" duration-ms="1243" started-at="2020-02-18T21:51:53 CST" finished-at="2020-02-18T21:51:54 CST">
          <reporter-output>
          </reporter-output>
        </test-method> <!-- search -->
        <test-method status="PASS" signature="home()[pri:0, instance:com.mindtree.selenium.webDriver.testNG.MenuTest@12cdcf4]" name="home" is-config="true" duration-ms="86" started-at="2020-02-18T21:51:54 CST" finished-at="2020-02-18T21:51:54 CST">
          <reporter-output>
          </reporter-output>
        </test-method> <!-- home -->
        <test-method status="PASS" signature="signin()[pri:0, instance:com.mindtree.selenium.webDriver.testNG.MenuTest@12cdcf4]" name="signin" duration-ms="1074" started-at="2020-02-18T21:51:54 CST" finished-at="2020-02-18T21:51:55 CST">
          <reporter-output>
          </reporter-output>
        </test-method> <!-- signin -->
        <test-method status="PASS" signature="home()[pri:0, instance:com.mindtree.selenium.webDriver.testNG.MenuTest@12cdcf4]" name="home" is-config="true" duration-ms="98" started-at="2020-02-18T21:51:55 CST" finished-at="2020-02-18T21:51:55 CST">
          <reporter-output>
          </reporter-output>
        </test-method> <!-- home -->
        <test-method status="FAIL" signature="support()[pri:0, instance:com.mindtree.selenium.webDriver.testNG.MenuTest@12cdcf4]" name="support" duration-ms="1079" started-at="2020-02-18T21:51:55 CST" finished-at="2020-02-18T21:51:56 CST">
          <exception class="java.lang.AssertionError">
            <message>
              <![CDATA[expected [http://okmry52647dns.eastus.cloudapp.azure.com:9090/support] but found [http://okmry52647dns.eastus.cloudapp.azure.com:9090/home]]]>
            </message>
            <full-stacktrace>
              <![CDATA[java.lang.AssertionError: expected [http://okmry52647dns.eastus.cloudapp.azure.com:9090/support] but found [http://okmry52647dns.eastus.cloudapp.azure.com:9090/home]
at org.testng.Assert.fail(Assert.java:97)
at org.testng.Assert.assertEqualsImpl(Assert.java:136)
at org.testng.Assert.assertEquals(Assert.java:118)
at org.testng.Assert.assertEquals(Assert.java:575)
at org.testng.Assert.assertEquals(Assert.java:585)
at com.mindtree.selenium.webDriver.testNG.MenuTest.support(MenuTest.java:146)
at sun.reflect.NativeMethodAccessorImpl.invoke0(Native Method)
at sun.reflect.NativeMethodAccessorImpl.invoke(NativeMethodAccessorImpl.java:62)
at sun.reflect.DelegatingMethodAccessorImpl.invoke(DelegatingMethodAccessorImpl.java:43)
at java.lang.reflect.Method.invoke(Method.java:498)
at org.testng.internal.MethodInvocationHelper.invokeMethod(MethodInvocationHelper.java:133)
at org.testng.internal.TestInvoker.invokeMethod(TestInvoker.java:584)
at org.testng.internal.TestInvoker.invokeTestMethod(TestInvoker.java:172)
at org.testng.internal.MethodRunner.runInSequence(MethodRunner.java:46)
at org.testng.internal.TestInvoker$MethodInvocationAgent.invoke(TestInvoker.java:804)
at org.testng.internal.TestInvoker.invokeTestMethods(TestInvoker.java:145)
at org.testng.internal.TestMethodWorker.invokeTestMethods(TestMethodWorker.java:146)
at org.testng.internal.TestMethodWorker.run(TestMethodWorker.java:128)
at java.util.ArrayList.forEach(ArrayList.java:1257)
at org.testng.TestRunner.privateRun(TestRunner.java:770)
at org.testng.TestRunner.run(TestRunner.java:591)
at org.testng.SuiteRunner.runTest(SuiteRunner.java:402)
at org.testng.SuiteRunner.runSequentially(SuiteRunner.java:396)
at org.testng.SuiteRunner.privateRun(SuiteRunner.java:355)
at org.testng.SuiteRunner.run(SuiteRunner.java:304)
at org.testng.SuiteRunnerWorker.runSuite(SuiteRunnerWorker.java:53)
at org.testng.SuiteRunnerWorker.run(SuiteRunnerWorker.java:96)
at org.testng.TestNG.runSuitesSequentially(TestNG.java:1180)
at org.testng.TestNG.runSuitesLocally(TestNG.java:1102)
at org.testng.TestNG.runSuites(TestNG.java:1032)
at org.testng.TestNG.run(TestNG.java:1000)
at org.testng.remote.AbstractRemoteTestNG.run(AbstractRemoteTestNG.java:115)
at org.testng.remote.RemoteTestNG.initAndRun(RemoteTestNG.java:251)
at org.testng.remote.RemoteTestNG.main(RemoteTestNG.java:77)
]]>
            </full-stacktrace>
          </exception> <!-- java.lang.AssertionError -->
          <reporter-output>
          </reporter-output>
        </test-method> <!-- support -->
        <test-method status="PASS" signature="home()[pri:0, instance:com.mindtree.selenium.webDriver.testNG.MenuTest@12cdcf4]" name="home" is-config="true" duration-ms="55" started-at="2020-02-18T21:51:56 CST" finished-at="2020-02-18T21:51:56 CST">
          <reporter-output>
          </reporter-output>
        </test-method> <!-- home -->
        <test-method status="PASS" signature="wishlist()[pri:0, instance:com.mindtree.selenium.webDriver.testNG.MenuTest@12cdcf4]" name="wishlist" duration-ms="1080" started-at="2020-02-18T21:51:56 CST" finished-at="2020-02-18T21:51:58 CST">
          <reporter-output>
          </reporter-output>
        </test-method> <!-- wishlist -->
        <test-method status="PASS" signature="home()[pri:0, instance:com.mindtree.selenium.webDriver.testNG.MenuTest@12cdcf4]" name="home" is-config="true" duration-ms="56" started-at="2020-02-18T21:51:58 CST" finished-at="2020-02-18T21:51:58 CST">
          <reporter-output>
          </reporter-output>
        </test-method> <!-- home -->
        <test-method status="PASS" signature="close()[pri:0, instance:com.mindtree.selenium.webDriver.testNG.MenuTest@12cdcf4]" name="close" is-config="true" duration-ms="3084" started-at="2020-02-18T21:51:58 CST" finished-at="2020-02-18T21:52:01 CST">
          <reporter-output>
          </reporter-output>
        </test-method> <!-- close -->
      </class> <!-- com.mindtree.selenium.webDriver.testNG.MenuTest -->
    </test> <!-- Default test -->
  </suite> <!-- Default suite -->
</testng-results>
